app/build/intermediates/manifest_merge_blame_file/release/manifest-merger-blame-release-report.txt
1<?xml version="1.0" encoding="utf-8"?>
2<manifest xmlns:android="http://schemas.android.com/apk/res/android"
3    package="com.kidslearning.kidsplay.smartkids.derdroid.preschool"
4    android:versionCode="1"
5    android:versionName="1.0" >
6
7    <uses-sdk
8        android:minSdkVersion="21"
8-->src\main\AndroidManifest.xml
9        android:targetSdkVersion="33" />
9-->src\main\AndroidManifest.xml
10
11    <uses-permission android:name="android.permission.ACCESS_NETWORK_STATE" />
11-->src\main\AndroidManifest.xml:6:5-79
11-->src\main\AndroidManifest.xml:6:22-76
12    <uses-permission android:name="android.permission.INTERNET" />
12-->src\main\AndroidManifest.xml:7:5-67
12-->src\main\AndroidManifest.xml:7:22-64
13
14    <queries>
14-->src\main\AndroidManifest.xml:9:5-13:15
15        <intent>
15-->src\main\AndroidManifest.xml:10:9-12:18
16            <action android:name="com.google.android.youtube.api.service.START" />
16-->src\main\AndroidManifest.xml:11:13-83
16-->src\main\AndroidManifest.xml:11:21-80
17        </intent>
18
19        <package android:name="com.facebook.katana" /> <!-- For browser content -->
19-->[com.facebook.android:audience-network-sdk:6.14.0] AndroidManifest.xml:12:9-55
19-->[com.facebook.android:audience-network-sdk:6.14.0] AndroidManifest.xml:12:18-52
20        <intent>
20-->[com.google.android.gms:play-services-ads-lite:22.1.0] AndroidManifest.xml:35:9-41:18
21            <action android:name="android.intent.action.VIEW" />
21-->src\main\AndroidManifest.xml:39:17-69
21-->src\main\AndroidManifest.xml:39:25-66
22
23            <category android:name="android.intent.category.BROWSABLE" />
23-->[com.google.android.gms:play-services-ads-lite:22.1.0] AndroidManifest.xml:38:13-74
23-->[com.google.android.gms:play-services-ads-lite:22.1.0] AndroidManifest.xml:38:23-71
24
25            <data android:scheme="https" />
25-->[com.google.android.gms:play-services-ads-lite:22.1.0] AndroidManifest.xml:40:13-44
25-->[com.google.android.gms:play-services-ads-lite:22.1.0] AndroidManifest.xml:40:19-41
26        </intent> <!-- End of browser content -->
27        <!-- For CustomTabsService -->
28        <intent>
28-->[com.google.android.gms:play-services-ads-lite:22.1.0] AndroidManifest.xml:44:9-46:18
29            <action android:name="android.support.customtabs.action.CustomTabsService" />
29-->[com.google.android.gms:play-services-ads-lite:22.1.0] AndroidManifest.xml:45:13-90
29-->[com.google.android.gms:play-services-ads-lite:22.1.0] AndroidManifest.xml:45:21-87
30        </intent>
31    </queries>
32
33    <uses-permission android:name="com.google.android.gms.permission.AD_ID" />
33-->[com.facebook.android:audience-network-sdk:6.14.0] AndroidManifest.xml:17:5-79
33-->[com.facebook.android:audience-network-sdk:6.14.0] AndroidManifest.xml:17:22-76
34    <uses-permission android:name="android.permission.POST_NOTIFICATIONS" />
34-->[com.google.firebase:firebase-messaging:23.1.2] AndroidManifest.xml:25:5-77
34-->[com.google.firebase:firebase-messaging:23.1.2] AndroidManifest.xml:25:22-74
35    <uses-permission android:name="android.permission.WAKE_LOCK" /> <!-- Required by older versions of Google Play services to create IID tokens -->
35-->[com.google.firebase:firebase-messaging:23.1.2] AndroidManifest.xml:26:5-68
35-->[com.google.firebase:firebase-messaging:23.1.2] AndroidManifest.xml:26:22-65
36    <uses-permission android:name="com.google.android.c2dm.permission.RECEIVE" />
36-->[com.google.firebase:firebase-messaging:23.1.2] AndroidManifest.xml:28:5-82
36-->[com.google.firebase:firebase-messaging:23.1.2] AndroidManifest.xml:28:22-79
37    <uses-permission android:name="com.google.android.finsky.permission.BIND_GET_INSTALL_REFERRER_SERVICE" />
37-->[com.google.android.gms:play-services-measurement:21.2.2] AndroidManifest.xml:26:5-110
37-->[com.google.android.gms:play-services-measurement:21.2.2] AndroidManifest.xml:26:22-107
38    <uses-permission android:name="android.permission.FOREGROUND_SERVICE" />
38-->[androidx.work:work-runtime:2.7.0] AndroidManifest.xml:28:5-77
38-->[androidx.work:work-runtime:2.7.0] AndroidManifest.xml:28:22-74
39
40    <permission
40-->[androidx.core:core:1.9.0] AndroidManifest.xml:22:5-24:47
41        android:name="com.kidslearning.kidsplay.smartkids.derdroid.preschool.DYNAMIC_RECEIVER_NOT_EXPORTED_PERMISSION"
41-->[androidx.core:core:1.9.0] AndroidManifest.xml:23:9-81
42        android:protectionLevel="signature" />
42-->[androidx.core:core:1.9.0] AndroidManifest.xml:24:9-44
43
44    <uses-permission android:name="com.kidslearning.kidsplay.smartkids.derdroid.preschool.DYNAMIC_RECEIVER_NOT_EXPORTED_PERMISSION" />
44-->[androidx.core:core:1.9.0] AndroidManifest.xml:26:5-97
44-->[androidx.core:core:1.9.0] AndroidManifest.xml:26:22-94
45
46    <application
46-->src\main\AndroidManifest.xml:16:5-96:19
47        android:name="com.kidslearning.kidsplay.smartkids.derdroid.preschool.customclasses.AppControl"
47-->src\main\AndroidManifest.xml:17:9-103
48        android:allowBackup="false"
48-->src\main\AndroidManifest.xml:18:9-36
49        android:appComponentFactory="androidx.core.app.CoreComponentFactory"
49-->[androidx.core:core:1.9.0] AndroidManifest.xml:28:18-86
50        android:dataExtractionRules="@xml/data_extraction_rules"
50-->src\main\AndroidManifest.xml:30:9-65
51        android:fullBackupContent="false"
51-->src\main\AndroidManifest.xml:19:9-42
52        android:fullBackupOnly="false"
52-->src\main\AndroidManifest.xml:20:9-39
53        android:hardwareAccelerated="true"
53-->src\main\AndroidManifest.xml:21:9-43
54        android:icon="@mipmap/ic_launcher"
54-->src\main\AndroidManifest.xml:22:9-43
55        android:label="@string/app_name"
55-->src\main\AndroidManifest.xml:23:9-41
56        android:largeHeap="true"
56-->src\main\AndroidManifest.xml:24:9-33
57        android:requestLegacyExternalStorage="true"
57-->src\main\AndroidManifest.xml:25:9-52
58        android:roundIcon="@mipmap/ic_launcher_round"
58-->src\main\AndroidManifest.xml:26:9-54
59        android:supportsRtl="true"
59-->src\main\AndroidManifest.xml:27:9-35
60        android:theme="@style/AppTheme"
60-->src\main\AndroidManifest.xml:28:9-40
61        android:usesCleartextTraffic="true" >
61-->src\main\AndroidManifest.xml:29:9-44
62        <activity
62-->src\main\AndroidManifest.xml:33:9-43:20
63            android:name="com.kidslearning.kidsplay.smartkids.derdroid.preschool.activity.SplashActivity"
63-->src\main\AndroidManifest.xml:34:13-106
64            android:exported="true"
64-->src\main\AndroidManifest.xml:36:13-36
65            android:screenOrientation="fullSensor" >
65-->src\main\AndroidManifest.xml:35:13-51
66            <intent-filter>
66-->src\main\AndroidManifest.xml:37:13-42:29
67                <action android:name="android.intent.action.MAIN" />
67-->src\main\AndroidManifest.xml:38:17-69
67-->src\main\AndroidManifest.xml:38:25-66
68                <action android:name="android.intent.action.VIEW" />
68-->src\main\AndroidManifest.xml:39:17-69
68-->src\main\AndroidManifest.xml:39:25-66
69
70                <category android:name="android.intent.category.LAUNCHER" />
70-->src\main\AndroidManifest.xml:41:17-77
70-->src\main\AndroidManifest.xml:41:27-74
71            </intent-filter>
72        </activity>
73        <activity
73-->src\main\AndroidManifest.xml:44:9-46:54
74            android:name="com.kidslearning.kidsplay.smartkids.derdroid.preschool.activity.MainActivity"
74-->src\main\AndroidManifest.xml:45:13-104
75            android:screenOrientation="fullSensor" />
75-->src\main\AndroidManifest.xml:46:13-51
76        <activity
76-->src\main\AndroidManifest.xml:47:9-49:54
77            android:name="com.kidslearning.kidsplay.smartkids.derdroid.preschool.activity.HomeActivity"
77-->src\main\AndroidManifest.xml:48:13-104
78            android:screenOrientation="fullSensor" />
78-->src\main\AndroidManifest.xml:49:13-51
79        <activity
79-->src\main\AndroidManifest.xml:50:9-52:54
80            android:name="com.kidslearning.kidsplay.smartkids.derdroid.preschool.activity.SubActivity"
80-->src\main\AndroidManifest.xml:51:13-103
81            android:screenOrientation="fullSensor" />
81-->src\main\AndroidManifest.xml:52:13-51
82        <activity
82-->src\main\AndroidManifest.xml:53:9-55:54
83            android:name="com.kidslearning.kidsplay.smartkids.derdroid.preschool.activity.FullScreenActivity"
83-->src\main\AndroidManifest.xml:54:13-110
84            android:screenOrientation="fullSensor" />
84-->src\main\AndroidManifest.xml:55:13-51
85        <activity
85-->src\main\AndroidManifest.xml:56:9-58:54
86            android:name="com.kidslearning.kidsplay.smartkids.derdroid.preschool.activity.exam.LookChooseActivity"
86-->src\main\AndroidManifest.xml:57:13-115
87            android:screenOrientation="fullSensor" />
87-->src\main\AndroidManifest.xml:58:13-51
88        <activity
88-->src\main\AndroidManifest.xml:59:9-61:54
89            android:name="com.kidslearning.kidsplay.smartkids.derdroid.preschool.activity.exam.ListenGuessActivity"
89-->src\main\AndroidManifest.xml:60:13-116
90            android:screenOrientation="fullSensor" />
90-->src\main\AndroidManifest.xml:61:13-51
91        <activity
91-->src\main\AndroidManifest.xml:62:9-64:54
92            android:name="com.kidslearning.kidsplay.smartkids.derdroid.preschool.activity.video.ListVideoActivity"
92-->src\main\AndroidManifest.xml:63:13-115
93            android:screenOrientation="fullSensor" />
93-->src\main\AndroidManifest.xml:64:13-51
94        <activity
94-->src\main\AndroidManifest.xml:65:9-67:54
95            android:name="com.kidslearning.kidsplay.smartkids.derdroid.preschool.activity.video.VideoLearningActivity"
95-->src\main\AndroidManifest.xml:66:13-119
96            android:screenOrientation="fullSensor" />
96-->src\main\AndroidManifest.xml:67:13-51
97        <activity
97-->src\main\AndroidManifest.xml:68:9-71:80
98            android:name="com.kidslearning.kidsplay.smartkids.derdroid.preschool.activity.video.VideoPlayActivity"
98-->src\main\AndroidManifest.xml:69:13-115
99            android:configChanges="orientation|screenSize"
99-->src\main\AndroidManifest.xml:70:13-59
100            android:theme="@android:style/Theme.Holo.NoActionBar.Fullscreen" />
100-->src\main\AndroidManifest.xml:71:13-77
101        <activity
101-->src\main\AndroidManifest.xml:72:9-74:54
102            android:name="com.kidslearning.kidsplay.smartkids.derdroid.preschool.activity.SettingActivity"
102-->src\main\AndroidManifest.xml:73:13-107
103            android:screenOrientation="fullSensor" />
103-->src\main\AndroidManifest.xml:74:13-51
104        <activity
104-->src\main\AndroidManifest.xml:76:9-78:54
105            android:name="com.kidslearning.kidsplay.smartkids.derdroid.preschool.activity.PrivacyPolicyActivity"
105-->src\main\AndroidManifest.xml:77:13-113
106            android:screenOrientation="fullSensor" />
106-->src\main\AndroidManifest.xml:78:13-51
107
108        <service
108-->src\main\AndroidManifest.xml:80:9-87:19
109            android:name="com.kidslearning.kidsplay.smartkids.derdroid.preschool.pushnotification.MyFirebaseMessagingService"
109-->src\main\AndroidManifest.xml:81:13-126
110            android:exported="false" >
110-->src\main\AndroidManifest.xml:82:13-37
111            <intent-filter>
111-->src\main\AndroidManifest.xml:83:13-86:29
112                <action android:name="com.google.firebase.MESSAGING_EVENT" />
112-->src\main\AndroidManifest.xml:84:17-78
112-->src\main\AndroidManifest.xml:84:25-75
113                <action android:name="com.google.android.c2dm.intent.RECEIVE" />
113-->src\main\AndroidManifest.xml:85:17-81
113-->src\main\AndroidManifest.xml:85:25-78
114            </intent-filter>
115        </service>
116
117        <meta-data
117-->src\main\AndroidManifest.xml:89:9-91:60
118            android:name="com.google.android.gms.ads.APPLICATION_ID"
118-->src\main\AndroidManifest.xml:90:13-69
119            android:value="@string/AD_MOB_APPLICATION_ID" />
119-->src\main\AndroidManifest.xml:91:13-58
120        <meta-data
120-->src\main\AndroidManifest.xml:93:9-122
121            android:name="com.google.android.gms.version"
121-->src\main\AndroidManifest.xml:93:20-65
122            android:value="@integer/google_play_services_version" />
122-->src\main\AndroidManifest.xml:93:66-119
123
124        <activity
124-->[com.facebook.android:audience-network-sdk:6.14.0] AndroidManifest.xml:20:9-24:75
125            android:name="com.facebook.ads.AudienceNetworkActivity"
125-->[com.facebook.android:audience-network-sdk:6.14.0] AndroidManifest.xml:21:13-68
126            android:configChanges="keyboardHidden|orientation|screenSize"
126-->[com.facebook.android:audience-network-sdk:6.14.0] AndroidManifest.xml:22:13-74
127            android:exported="false"
127-->[com.facebook.android:audience-network-sdk:6.14.0] AndroidManifest.xml:23:13-37
128            android:theme="@android:style/Theme.Translucent.NoTitleBar" />
128-->[com.facebook.android:audience-network-sdk:6.14.0] AndroidManifest.xml:24:13-72
129
130        <provider
130-->[com.facebook.android:audience-network-sdk:6.14.0] AndroidManifest.xml:26:9-29:40
131            android:name="com.facebook.ads.AudienceNetworkContentProvider"
131-->[com.facebook.android:audience-network-sdk:6.14.0] AndroidManifest.xml:27:13-75
132            android:authorities="com.kidslearning.kidsplay.smartkids.derdroid.preschool.AudienceNetworkContentProvider"
132-->[com.facebook.android:audience-network-sdk:6.14.0] AndroidManifest.xml:28:13-82
133            android:exported="false" />
133-->[com.facebook.android:audience-network-sdk:6.14.0] AndroidManifest.xml:29:13-37
134
135        <receiver
135-->[com.google.firebase:firebase-messaging:23.1.2] AndroidManifest.xml:31:9-38:20
136            android:name="com.google.firebase.iid.FirebaseInstanceIdReceiver"
136-->[com.google.firebase:firebase-messaging:23.1.2] AndroidManifest.xml:32:13-78
137            android:exported="true"
137-->[com.google.firebase:firebase-messaging:23.1.2] AndroidManifest.xml:33:13-36
138            android:permission="com.google.android.c2dm.permission.SEND" >
138-->[com.google.firebase:firebase-messaging:23.1.2] AndroidManifest.xml:34:13-73
139            <intent-filter>
139-->[com.google.firebase:firebase-messaging:23.1.2] AndroidManifest.xml:35:13-37:29
140                <action android:name="com.google.android.c2dm.intent.RECEIVE" />
140-->src\main\AndroidManifest.xml:85:17-81
140-->src\main\AndroidManifest.xml:85:25-78
141            </intent-filter>
142        </receiver>
143        <!--
144             FirebaseMessagingService performs security checks at runtime,
145             but set to not exported to explicitly avoid allowing another app to call it.
146        -->
147        <service
147-->[com.google.firebase:firebase-messaging:23.1.2] AndroidManifest.xml:44:9-51:19
148            android:name="com.google.firebase.messaging.FirebaseMessagingService"
148-->[com.google.firebase:firebase-messaging:23.1.2] AndroidManifest.xml:45:13-82
149            android:directBootAware="true"
149-->[com.google.firebase:firebase-messaging:23.1.2] AndroidManifest.xml:46:13-43
150            android:exported="false" >
150-->[com.google.firebase:firebase-messaging:23.1.2] AndroidManifest.xml:47:13-37
151            <intent-filter android:priority="-500" >
151-->[com.google.firebase:firebase-messaging:23.1.2] AndroidManifest.xml:48:13-50:29
151-->[com.google.firebase:firebase-messaging:23.1.2] AndroidManifest.xml:48:28-51
152                <action android:name="com.google.firebase.MESSAGING_EVENT" />
152-->src\main\AndroidManifest.xml:84:17-78
152-->src\main\AndroidManifest.xml:84:25-75
153            </intent-filter>
154        </service>
155        <service
155-->[com.google.firebase:firebase-messaging:23.1.2] AndroidManifest.xml:52:9-58:19
156            android:name="com.google.firebase.components.ComponentDiscoveryService"
156-->[com.google.firebase:firebase-messaging:23.1.2] AndroidManifest.xml:53:13-84
157            android:directBootAware="true"
157-->[com.google.firebase:firebase-common:20.3.1] AndroidManifest.xml:34:13-43
158            android:exported="false" >
158-->[com.google.firebase:firebase-messaging:23.1.2] AndroidManifest.xml:54:13-37
159            <meta-data
159-->[com.google.firebase:firebase-messaging:23.1.2] AndroidManifest.xml:55:13-57:85
160                android:name="com.google.firebase.components:com.google.firebase.messaging.FirebaseMessagingRegistrar"
160-->[com.google.firebase:firebase-messaging:23.1.2] AndroidManifest.xml:56:17-119
161                android:value="com.google.firebase.components.ComponentRegistrar" />
161-->[com.google.firebase:firebase-messaging:23.1.2] AndroidManifest.xml:57:17-82
162            <meta-data
162-->[com.google.android.gms:play-services-measurement-api:21.2.2] AndroidManifest.xml:31:13-33:85
163                android:name="com.google.firebase.components:com.google.firebase.analytics.connector.internal.AnalyticsConnectorRegistrar"
163-->[com.google.android.gms:play-services-measurement-api:21.2.2] AndroidManifest.xml:32:17-139
164                android:value="com.google.firebase.components.ComponentRegistrar" />
164-->[com.google.android.gms:play-services-measurement-api:21.2.2] AndroidManifest.xml:33:17-82
165            <meta-data
165-->[com.google.firebase:firebase-datatransport:18.1.7] AndroidManifest.xml:27:13-29:85
166                android:name="com.google.firebase.components:com.google.firebase.datatransport.TransportRegistrar"
166-->[com.google.firebase:firebase-datatransport:18.1.7] AndroidManifest.xml:28:17-115
167                android:value="com.google.firebase.components.ComponentRegistrar" />
167-->[com.google.firebase:firebase-datatransport:18.1.7] AndroidManifest.xml:29:17-82
168            <meta-data
168-->[com.google.firebase:firebase-installations:17.1.3] AndroidManifest.xml:17:13-19:85
169                android:name="com.google.firebase.components:com.google.firebase.installations.FirebaseInstallationsRegistrar"
169-->[com.google.firebase:firebase-installations:17.1.3] AndroidManifest.xml:18:17-127
170                android:value="com.google.firebase.components.ComponentRegistrar" />
170-->[com.google.firebase:firebase-installations:17.1.3] AndroidManifest.xml:19:17-82
171        </service>
172
173        <receiver
173-->[com.google.android.gms:play-services-measurement:21.2.2] AndroidManifest.xml:29:9-33:20
174            android:name="com.google.android.gms.measurement.AppMeasurementReceiver"
174-->[com.google.android.gms:play-services-measurement:21.2.2] AndroidManifest.xml:30:13-85
175            android:enabled="true"
175-->[com.google.android.gms:play-services-measurement:21.2.2] AndroidManifest.xml:31:13-35
176            android:exported="false" >
176-->[com.google.android.gms:play-services-measurement:21.2.2] AndroidManifest.xml:32:13-37
177        </receiver>
178
179        <service
179-->[com.google.android.gms:play-services-measurement:21.2.2] AndroidManifest.xml:35:9-38:40
180            android:name="com.google.android.gms.measurement.AppMeasurementService"
180-->[com.google.android.gms:play-services-measurement:21.2.2] AndroidManifest.xml:36:13-84
181            android:enabled="true"
181-->[com.google.android.gms:play-services-measurement:21.2.2] AndroidManifest.xml:37:13-35
182            android:exported="false" />
182-->[com.google.android.gms:play-services-measurement:21.2.2] AndroidManifest.xml:38:13-37
183        <service
183-->[com.google.android.gms:play-services-measurement:21.2.2] AndroidManifest.xml:39:9-43:72
184            android:name="com.google.android.gms.measurement.AppMeasurementJobService"
184-->[com.google.android.gms:play-services-measurement:21.2.2] AndroidManifest.xml:40:13-87
185            android:enabled="true"
185-->[com.google.android.gms:play-services-measurement:21.2.2] AndroidManifest.xml:41:13-35
186            android:exported="false"
186-->[com.google.android.gms:play-services-measurement:21.2.2] AndroidManifest.xml:42:13-37
187            android:permission="android.permission.BIND_JOB_SERVICE" />
187-->[com.google.android.gms:play-services-measurement:21.2.2] AndroidManifest.xml:43:13-69
188
189        <provider
189-->[com.google.firebase:firebase-common:20.3.1] AndroidManifest.xml:25:9-30:39
190            android:name="com.google.firebase.provider.FirebaseInitProvider"
190-->[com.google.firebase:firebase-common:20.3.1] AndroidManifest.xml:26:13-77
191            android:authorities="com.kidslearning.kidsplay.smartkids.derdroid.preschool.firebaseinitprovider"
191-->[com.google.firebase:firebase-common:20.3.1] AndroidManifest.xml:27:13-72
192            android:directBootAware="true"
192-->[com.google.firebase:firebase-common:20.3.1] AndroidManifest.xml:28:13-43
193            android:exported="false"
193-->[com.google.firebase:firebase-common:20.3.1] AndroidManifest.xml:29:13-37
194            android:initOrder="100" />
194-->[com.google.firebase:firebase-common:20.3.1] AndroidManifest.xml:30:13-36
195
196        <activity
196-->[com.google.android.gms:play-services-base:18.0.1] AndroidManifest.xml:20:9-22:45
197            android:name="com.google.android.gms.common.api.GoogleApiActivity"
197-->[com.google.android.gms:play-services-base:18.0.1] AndroidManifest.xml:20:19-85
198            android:exported="false"
198-->[com.google.android.gms:play-services-base:18.0.1] AndroidManifest.xml:22:19-43
199            android:theme="@android:style/Theme.Translucent.NoTitleBar" /> <!-- Include the AdActivity and InAppPurchaseActivity configChanges and themes. -->
199-->[com.google.android.gms:play-services-base:18.0.1] AndroidManifest.xml:21:19-78
200        <activity
200-->[com.google.android.gms:play-services-ads-lite:22.1.0] AndroidManifest.xml:53:9-58:43
201            android:name="com.google.android.gms.ads.AdActivity"
201-->[com.google.android.gms:play-services-ads-lite:22.1.0] AndroidManifest.xml:54:13-65
202            android:configChanges="keyboard|keyboardHidden|orientation|screenLayout|uiMode|screenSize|smallestScreenSize"
202-->[com.google.android.gms:play-services-ads-lite:22.1.0] AndroidManifest.xml:55:13-122
203            android:exported="false"
203-->[com.google.android.gms:play-services-ads-lite:22.1.0] AndroidManifest.xml:56:13-37
204            android:theme="@android:style/Theme.Translucent" />
204-->[com.google.android.gms:play-services-ads-lite:22.1.0] AndroidManifest.xml:57:13-61
205
206        <provider
206-->[com.google.android.gms:play-services-ads-lite:22.1.0] AndroidManifest.xml:60:9-65:43
207            android:name="com.google.android.gms.ads.MobileAdsInitProvider"
207-->[com.google.android.gms:play-services-ads-lite:22.1.0] AndroidManifest.xml:61:13-76
208            android:authorities="com.kidslearning.kidsplay.smartkids.derdroid.preschool.mobileadsinitprovider"
208-->[com.google.android.gms:play-services-ads-lite:22.1.0] AndroidManifest.xml:62:13-73
209            android:exported="false"
209-->[com.google.android.gms:play-services-ads-lite:22.1.0] AndroidManifest.xml:63:13-37
210            android:initOrder="100" />
210-->[com.google.android.gms:play-services-ads-lite:22.1.0] AndroidManifest.xml:64:13-36
211
212        <service
212-->[com.google.android.gms:play-services-ads-lite:22.1.0] AndroidManifest.xml:67:9-71:43
213            android:name="com.google.android.gms.ads.AdService"
213-->[com.google.android.gms:play-services-ads-lite:22.1.0] AndroidManifest.xml:68:13-64
214            android:enabled="true"
214-->[com.google.android.gms:play-services-ads-lite:22.1.0] AndroidManifest.xml:69:13-35
215            android:exported="false" />
215-->[com.google.android.gms:play-services-ads-lite:22.1.0] AndroidManifest.xml:70:13-37
216
217        <activity
217-->[com.google.android.gms:play-services-ads-lite:22.1.0] AndroidManifest.xml:73:9-77:43
218            android:name="com.google.android.gms.ads.OutOfContextTestingActivity"
218-->[com.google.android.gms:play-services-ads-lite:22.1.0] AndroidManifest.xml:74:13-82
219            android:configChanges="keyboard|keyboardHidden|orientation|screenLayout|uiMode|screenSize|smallestScreenSize"
219-->[com.google.android.gms:play-services-ads-lite:22.1.0] AndroidManifest.xml:75:13-122
220            android:exported="false" />
220-->[com.google.android.gms:play-services-ads-lite:22.1.0] AndroidManifest.xml:76:13-37
221
222        <provider
222-->[androidx.emoji2:emoji2:1.2.0] AndroidManifest.xml:24:9-32:20
223            android:name="androidx.startup.InitializationProvider"
223-->[androidx.emoji2:emoji2:1.2.0] AndroidManifest.xml:25:13-67
224            android:authorities="com.kidslearning.kidsplay.smartkids.derdroid.preschool.androidx-startup"
224-->[androidx.emoji2:emoji2:1.2.0] AndroidManifest.xml:26:13-68
225            android:exported="false" >
225-->[androidx.emoji2:emoji2:1.2.0] AndroidManifest.xml:27:13-37
226            <meta-data
226-->[androidx.emoji2:emoji2:1.2.0] AndroidManifest.xml:29:13-31:52
227                android:name="androidx.emoji2.text.EmojiCompatInitializer"
227-->[androidx.emoji2:emoji2:1.2.0] AndroidManifest.xml:30:17-75
228                android:value="androidx.startup" />
228-->[androidx.emoji2:emoji2:1.2.0] AndroidManifest.xml:31:17-49
229            <meta-data
229-->[androidx.work:work-runtime:2.7.0] AndroidManifest.xml:36:13-38:52
230                android:name="androidx.work.WorkManagerInitializer"
230-->[androidx.work:work-runtime:2.7.0] AndroidManifest.xml:37:17-68
231                android:value="androidx.startup" />
231-->[androidx.work:work-runtime:2.7.0] AndroidManifest.xml:38:17-49
232            <meta-data
232-->[androidx.lifecycle:lifecycle-process:2.4.1] AndroidManifest.xml:31:13-33:52
233                android:name="androidx.lifecycle.ProcessLifecycleInitializer"
233-->[androidx.lifecycle:lifecycle-process:2.4.1] AndroidManifest.xml:32:17-78
234                android:value="androidx.startup" />
234-->[androidx.lifecycle:lifecycle-process:2.4.1] AndroidManifest.xml:33:17-49
235        </provider>
236
237        <service
237-->[androidx.work:work-runtime:2.7.0] AndroidManifest.xml:41:9-46:35
238            android:name="androidx.work.impl.background.systemalarm.SystemAlarmService"
238-->[androidx.work:work-runtime:2.7.0] AndroidManifest.xml:42:13-88
239            android:directBootAware="false"
239-->[androidx.work:work-runtime:2.7.0] AndroidManifest.xml:43:13-44
240            android:enabled="@bool/enable_system_alarm_service_default"
240-->[androidx.work:work-runtime:2.7.0] AndroidManifest.xml:44:13-72
241            android:exported="false" />
241-->[androidx.work:work-runtime:2.7.0] AndroidManifest.xml:45:13-37
242        <service
242-->[androidx.work:work-runtime:2.7.0] AndroidManifest.xml:47:9-53:35
243            android:name="androidx.work.impl.background.systemjob.SystemJobService"
243-->[androidx.work:work-runtime:2.7.0] AndroidManifest.xml:48:13-84
244            android:directBootAware="false"
244-->[androidx.work:work-runtime:2.7.0] AndroidManifest.xml:49:13-44
245            android:enabled="@bool/enable_system_job_service_default"
245-->[androidx.work:work-runtime:2.7.0] AndroidManifest.xml:50:13-70
246            android:exported="true"
246-->[androidx.work:work-runtime:2.7.0] AndroidManifest.xml:51:13-36
247            android:permission="android.permission.BIND_JOB_SERVICE" />
247-->[androidx.work:work-runtime:2.7.0] AndroidManifest.xml:52:13-69
248        <service
248-->[androidx.work:work-runtime:2.7.0] AndroidManifest.xml:54:9-59:35
249            android:name="androidx.work.impl.foreground.SystemForegroundService"
249-->[androidx.work:work-runtime:2.7.0] AndroidManifest.xml:55:13-81
250            android:directBootAware="false"
250-->[androidx.work:work-runtime:2.7.0] AndroidManifest.xml:56:13-44
251            android:enabled="@bool/enable_system_foreground_service_default"
251-->[androidx.work:work-runtime:2.7.0] AndroidManifest.xml:57:13-77
252            android:exported="false" />
252-->[androidx.work:work-runtime:2.7.0] AndroidManifest.xml:58:13-37
253
254        <receiver
254-->[androidx.work:work-runtime:2.7.0] AndroidManifest.xml:61:9-66:35
255            android:name="androidx.work.impl.utils.ForceStopRunnable$BroadcastReceiver"
255-->[androidx.work:work-runtime:2.7.0] AndroidManifest.xml:62:13-88
256            android:directBootAware="false"
256-->[androidx.work:work-runtime:2.7.0] AndroidManifest.xml:63:13-44
257            android:enabled="true"
257-->[androidx.work:work-runtime:2.7.0] AndroidManifest.xml:64:13-35
258            android:exported="false" />
258-->[androidx.work:work-runtime:2.7.0] AndroidManifest.xml:65:13-37
259        <receiver
259-->[androidx.work:work-runtime:2.7.0] AndroidManifest.xml:67:9-77:20
260            android:name="androidx.work.impl.background.systemalarm.ConstraintProxy$BatteryChargingProxy"
260-->[androidx.work:work-runtime:2.7.0] AndroidManifest.xml:68:13-106
261            android:directBootAware="false"
261-->[androidx.work:work-runtime:2.7.0] AndroidManifest.xml:69:13-44
262            android:enabled="false"
262-->[androidx.work:work-runtime:2.7.0] AndroidManifest.xml:70:13-36
263            android:exported="false" >
263-->[androidx.work:work-runtime:2.7.0] AndroidManifest.xml:71:13-37
264            <intent-filter>
264-->[androidx.work:work-runtime:2.7.0] AndroidManifest.xml:73:13-76:29
265                <action android:name="android.intent.action.ACTION_POWER_CONNECTED" />
265-->[androidx.work:work-runtime:2.7.0] AndroidManifest.xml:74:17-87
265-->[androidx.work:work-runtime:2.7.0] AndroidManifest.xml:74:25-84
266                <action android:name="android.intent.action.ACTION_POWER_DISCONNECTED" />
266-->[androidx.work:work-runtime:2.7.0] AndroidManifest.xml:75:17-90
266-->[androidx.work:work-runtime:2.7.0] AndroidManifest.xml:75:25-87
267            </intent-filter>
268        </receiver>
269        <receiver